<?xml version="1.0" encoding="UTF-8"?>
<!-- Generated by org.testng.reporters.JUnitReportReporter -->
<testsuite hostname="DESKTOP-TQ7CKSA" failures="0" tests="7" name="com.Testing.FlipkartTestChrome" time="32.972" errors="0" timestamp="2022-10-12T00:30:17 IST" skipped="0">
  <testcase classname="com.Testing.FlipkartTestChrome" name="closeLogin" time="1.291"/>
  <system-out/>
  <testcase classname="com.Testing.FlipkartTestChrome" name="scroll" time="6.079"/>
  <system-out/>
  <testcase classname="com.Testing.FlipkartTestChrome" name="searchProduct" time="5.590"/>
  <system-out/>
  <testcase classname="com.Testing.FlipkartTestChrome" name="loadImage" time="10.336"/>
  <system-out/>
  <testcase classname="com.Testing.FlipkartTestChrome" name="scrollFrequency" time="2.070"/>
  <system-out/>
  <testcase classname="com.Testing.FlipkartTestChrome" name="downloadImages" time="0.024"/>
  <system-out/>
  <testcase classname="com.Testing.FlipkartTestChrome" name="screenResolution" time="7.582"/>
  <system-out/>
</testsuite> <!-- com.Testing.FlipkartTestChrome -->
